TN:
SF:/Users/rmcmahon/dev/netcdf-grpc/grpc_netcdf_client.py
DA:1,0
DA:2,0
DA:3,0
DA:4,0
DA:6,0
DA:7,0
DA:8,0
DA:9,0
DA:10,0
DA:11,0
DA:12,0
DA:13,0
DA:16,0
DA:18,0
DA:20,0
DA:21,0
DA:22,0
DA:25,0
DA:26,0
DA:27,0
LF:20
LH:0
end_of_record
TN:
SF:/Users/rmcmahon/dev/netcdf-grpc/grpc_netcdf_server.py
DA:1,0
DA:2,0
DA:3,0
DA:4,0
DA:5,0
DA:6,0
DA:8,0
DA:10,0
DA:11,0
DA:13,0
DA:14,0
DA:15,0
DA:17,0
DA:18,0
DA:21,0
DA:22,0
DA:23,0
DA:26,0
DA:27,0
DA:28,0
DA:29,0
DA:30,0
DA:31,0
DA:32,0
DA:34,0
DA:35,0
LF:26
LH:0
end_of_record
TN:
SF:/Users/rmcmahon/dev/netcdf-grpc/src/__init__.py
LF:0
LH:0
end_of_record
TN:
SF:/Users/rmcmahon/dev/netcdf-grpc/src/netcdf_decode.py
DA:3,1
DA:4,1
DA:5,1
DA:8,1
DA:11,1
DA:20,1
DA:21,1
DA:24,1
DA:30,1
DA:31,1
DA:32,1
DA:35,1
DA:36,1
DA:37,1
DA:38,1
DA:39,1
DA:40,1
DA:43,1
DA:44,1
DA:45,1
DA:46,1
DA:49,1
DA:52,1
DA:53,0
DA:55,1
DA:57,1
DA:59,1
DA:61,1
DA:66,1
DA:69,1
DA:74,1
DA:75,1
DA:76,1
DA:77,1
DA:78,0
DA:80,1
DA:83,1
DA:84,1
DA:90,1
DA:91,1
DA:92,1
DA:94,1
DA:97,1
LF:43
LH:41
end_of_record
TN:
SF:/Users/rmcmahon/dev/netcdf-grpc/src/netcdf_encode.py
DA:3,1
DA:4,1
DA:5,1
DA:6,1
DA:7,1
DA:8,1
DA:9,1
DA:12,1
DA:15,1
DA:21,1
DA:22,1
DA:24,1
DA:26,1
DA:27,1
DA:28,1
DA:29,1
DA:30,1
DA:31,1
DA:32,1
DA:33,1
DA:34,1
DA:39,0
DA:40,0
DA:41,0
DA:43,0
DA:46,1
DA:49,1
DA:51,1
DA:52,1
DA:53,1
DA:54,1
DA:56,1
DA:58,1
DA:59,1
DA:60,1
DA:61,1
DA:63,1
DA:72,1
DA:73,1
DA:74,1
DA:75,1
DA:76,1
DA:78,1
DA:82,1
DA:83,1
DA:84,1
DA:86,1
DA:87,1
DA:89,1
DA:90,1
DA:92,1
DA:93,1
DA:94,1
DA:96,0
DA:99,1
DA:100,1
DA:101,1
DA:102,1
DA:103,1
DA:105,1
DA:106,1
DA:107,1
DA:108,1
DA:109,1
DA:110,1
DA:111,1
DA:113,1
DA:114,1
DA:115,1
DA:116,1
DA:118,1
DA:120,1
DA:121,1
DA:123,0
DA:125,1
DA:128,1
DA:130,1
DA:131,1
DA:132,1
DA:137,1
DA:138,1
DA:139,1
DA:146,1
DA:147,1
DA:148,1
DA:149,1
DA:150,1
DA:151,1
DA:158,1
DA:159,1
DA:160,1
DA:161,1
DA:162,1
DA:163,1
DA:164,1
DA:165,1
DA:167,1
DA:168,1
DA:170,1
DA:171,1
DA:177,1
DA:179,1
DA:182,1
DA:183,1
DA:184,1
DA:185,1
DA:187,1
DA:188,1
DA:191,1
DA:192,1
DA:195,1
DA:196,1
DA:197,1
DA:198,1
DA:200,1
DA:203,1
DA:204,1
DA:205,1
DA:206,1
DA:211,1
DA:214,1
DA:215,1
DA:219,0
LF:123
LH:116
end_of_record
TN:
SF:/Users/rmcmahon/dev/netcdf-grpc/src/netcdf_grpc.py
DA:3,1
DA:4,1
DA:7,1
DA:10,1
DA:12,1
DA:39,1
DA:52,1
DA:54,1
DA:55,1
DA:56,0
DA:57,0
DA:59,1
DA:61,1
DA:62,1
DA:63,0
DA:64,0
DA:66,1
DA:69,1
DA:70,1
DA:72,1
DA:73,1
DA:74,1
DA:80,1
DA:82,1
DA:84,1
DA:85,1
DA:86,1
DA:87,1
DA:90,1
DA:91,0
DA:93,1
DA:94,1
LF:32
LH:27
end_of_record
TN:
SF:/Users/rmcmahon/dev/netcdf-grpc/src/protogen/gcdm_netcdf_pb2.py
DA:4,1
DA:5,1
DA:6,1
DA:7,1
DA:8,1
DA:9,1
DA:12,1
DA:17,1
DA:26,1
DA:134,1
DA:136,1
DA:137,1
DA:138,1
DA:139,1
DA:140,1
DA:141,1
DA:142,1
DA:143,1
DA:144,1
DA:145,1
DA:146,1
DA:147,1
DA:148,1
DA:149,1
DA:150,1
DA:151,1
DA:152,1
DA:153,1
DA:154,1
DA:155,1
DA:159,1
DA:191,1
DA:237,1
DA:276,1
DA:350,1
DA:389,1
DA:442,1
DA:502,1
DA:540,1
DA:586,1
DA:660,1
DA:713,1
DA:780,1
DA:847,1
DA:893,1
DA:925,1
DA:1041,1
DA:1073,1
DA:1112,1
DA:1164,1
DA:1165,1
DA:1166,1
DA:1167,1
DA:1168,1
DA:1169,1
DA:1170,1
DA:1171,1
DA:1172,1
DA:1173,1
DA:1174,1
DA:1175,1
DA:1176,1
DA:1177,1
DA:1178,1
DA:1179,1
DA:1180,1
DA:1181,1
DA:1182,1
DA:1183,1
DA:1184,1
DA:1185,1
DA:1186,1
DA:1187,1
DA:1188,1
DA:1189,1
DA:1190,1
DA:1191,1
DA:1192,1
DA:1193,1
DA:1194,1
DA:1195,1
DA:1196,1
DA:1197,1
DA:1198,1
DA:1199,1
DA:1200,1
DA:1201,1
DA:1202,1
DA:1203,1
DA:1204,1
DA:1205,1
DA:1206,1
DA:1207,1
DA:1208,1
DA:1209,1
DA:1210,1
DA:1211,1
DA:1212,1
DA:1213,1
DA:1214,1
DA:1215,1
DA:1216,1
DA:1217,1
DA:1218,1
DA:1220,1
DA:1225,1
DA:1227,1
DA:1232,1
DA:1234,1
DA:1239,1
DA:1241,1
DA:1246,1
DA:1248,1
DA:1253,1
DA:1255,1
DA:1260,1
DA:1262,1
DA:1267,1
DA:1269,1
DA:1281,1
DA:1282,1
DA:1284,1
DA:1289,1
DA:1291,1
DA:1296,1
DA:1298,1
DA:1303,1
DA:1305,1
DA:1310,1
DA:1312,1
DA:1317,1
DA:1319,1
DA:1324,1
DA:1326,1
DA:1331,1
DA:1333,1
DA:1338,1
DA:1340,1
DA:1345,1
DA:1347,1
DA:1352,1
DA:1355,1
LF:142
LH:142
end_of_record
TN:
SF:/Users/rmcmahon/dev/netcdf-grpc/test/__init__.py
LF:0
LH:0
end_of_record
TN:
SF:/Users/rmcmahon/dev/netcdf-grpc/test/functional_tests.py
DA:1,1
DA:2,1
DA:3,1
DA:4,1
DA:5,1
DA:6,1
DA:8,1
DA:11,1
DA:12,1
DA:13,1
DA:14,1
DA:15,1
DA:16,1
DA:17,1
DA:18,1
DA:19,1
DA:20,1
DA:21,1
DA:23,1
DA:24,1
DA:27,1
DA:28,1
DA:29,1
DA:30,1
DA:31,1
DA:32,1
DA:33,1
DA:34,1
DA:35,1
DA:36,1
DA:37,1
DA:38,1
DA:39,1
DA:41,1
DA:42,1
DA:45,1
DA:46,1
DA:47,1
DA:48,1
DA:49,1
DA:50,1
DA:51,1
DA:52,1
DA:53,1
DA:54,1
DA:55,1
DA:56,1
DA:57,1
DA:59,1
DA:60,1
LF:50
LH:50
end_of_record
TN:
SF:/Users/rmcmahon/dev/netcdf-grpc/test/unit_tests.py
DA:1,1
DA:2,1
DA:3,1
DA:4,1
DA:5,1
DA:7,1
DA:8,1
DA:9,1
DA:12,1
DA:13,1
DA:14,1
DA:15,1
DA:16,1
DA:17,1
DA:20,1
DA:21,1
DA:22,1
DA:23,1
DA:24,1
DA:25,1
DA:28,1
DA:29,1
DA:30,1
DA:31,1
DA:32,1
DA:33,1
DA:36,1
DA:37,1
DA:38,1
DA:39,1
DA:40,1
DA:41,1
DA:44,1
DA:45,1
DA:46,1
DA:47,1
DA:48,1
DA:49,1
DA:50,1
LF:39
LH:39
end_of_record
